============================================================
  Generated by:           Genus(TM) Synthesis Solution 21.14-s082_1
  Generated on:           Apr 10 2026  02:24:09 am
  Module:                 up_down_counter_8bit
  Operating conditions:   slow (balanced_tree)
  Wireload mode:          enclosed
  Area mode:              timing library
============================================================


Path 1: MET (6057 ps) Late External Delay Assertion at pin count[2]
          Group: my_clk
     Startpoint: (R) count_reg[2]/CK
          Clock: (R) my_clk
       Endpoint: (R) count[2]
          Clock: (R) my_clk

                     Capture       Launch     
        Clock Edge:+   10000            0     
       Src Latency:+       0            0     
       Net Latency:+       0 (I)        0 (I) 
           Arrival:=   10000            0     
                                              
      Output Delay:-    2000                  
       Uncertainty:-     100                  
     Required Time:=    7900                  
      Launch Clock:-       0                  
         Data Path:-    1843                  
             Slack:=    6057                  

Exceptions/Constraints:
  output_delay             2000            constraints.sdc_line_18_5_1 

#-----------------------------------------------------------------------------------------
#  Timing Point   Flags   Arc   Edge   Cell     Fanout  Load Trans Delay Arrival Instance 
#                                                       (fF)  (ps)  (ps)   (ps)  Location 
#-----------------------------------------------------------------------------------------
  count_reg[2]/CK -       -     R     (arrival)      8     -     0     0       0    (-,-) 
  count_reg[2]/Q  -       CK->Q R     JKFFRXL        4 112.3  1938  1843    1843    (-,-) 
  count[2]        <<<     -     R     (port)         -     -     -     0    1843    (-,-) 
#-----------------------------------------------------------------------------------------

